<?xml version="1.0" encoding="UTF-8"?>
<!-- Generated by org.testng.reporters.JUnitReportReporter -->
<testsuite hostname="CTNL2104" failures="0" tests="1" name="tests.DesktopAppTest" time="8.600" errors="0" timestamp="2024-10-01T14:43:52 IST" skipped="0">
  <testcase classname="tests.DesktopAppTest" name="FirstDesktopTest" time="8.600"/>
  <system-out/>
</testsuite> <!-- tests.DesktopAppTest -->
