<?xml version="1.0" encoding="UTF-8"?>
<!-- Generated by org.testng.reporters.JUnitReportReporter -->
<testsuite hostname="CTNL2104" failures="0" tests="4" name="tests.WebAppTest" time="21.422" errors="0" timestamp="2024-10-01T14:43:52 IST" skipped="0">
  <testcase classname="tests.WebAppTest" name="WebAppSecond" time="0.022"/>
  <system-out/>
  <testcase classname="tests.WebAppTest" name="WebAppSecond" time="0.018"/>
  <system-out/>
  <testcase classname="tests.WebAppTest" name="WebAppFirst" time="8.578"/>
  <system-out/>
  <testcase classname="tests.WebAppTest" name="WebAppFirst" time="12.804"/>
  <system-out/>
</testsuite> <!-- tests.WebAppTest -->
