<?xml version="1.0" encoding="UTF-8"?>
<!-- Generated by org.testng.reporters.JUnitReportReporter -->
<testsuite hostname="CTNL2104" failures="0" tests="1" name="tests.WebAppTest" time="6.022" errors="0" timestamp="2024-09-26T12:56:14 IST" skipped="0">
  <testcase classname="tests.WebAppTest" name="WebAppFirst" time="6.022"/>
  <system-out/>
</testsuite> <!-- tests.WebAppTest -->
