<?xml version="1.0" encoding="UTF-8"?>
<!-- Generated by org.testng.reporters.JUnitReportReporter -->
<testsuite hostname="CTNL2104" failures="0" tests="1" name="tests.DesktopAppTest" time="6.323" errors="0" timestamp="2024-09-26T11:25:43 IST" skipped="0">
  <testcase classname="tests.DesktopAppTest" name="FirstDesktopTest" time="6.323"/>
  <system-out/>
</testsuite> <!-- tests.DesktopAppTest -->
